<?xml version="1.0" encoding="UTF-8" ?>
<testsuite tests="4" failures="0" name="com.baeldung.drools.service.ApplicantServiceIntegrationTest" time="1.955" errors="0" skipped="0">
  <properties>
[...]
</properties>
  <testcase classname="com.baeldung.drools.service.ApplicantServiceIntegrationTest" name="whenCriteriaMatching_ThenSuggestSeniorDeveloperRole" time="1.539"/>
  <testcase classname="com.baeldung.drools.service.ApplicantServiceIntegrationTest" name="whenCriteriaNotMatching_ThenNoRole" time="0.148"/>
  <testcase classname="com.baeldung.drools.service.ApplicantServiceIntegrationTest" name="whenCriteriaMatching_ThenSuggestManagerRole" time="0.141"/>
  <testcase classname="com.baeldung.drools.service.ApplicantServiceIntegrationTest" name="whenCriteriaMatching_ThenSuggestDeveloperRole" time="0.127"/>
</testsuite>